
Fahrenheit Temperature Kelvin Temperature
------------------- ---------------------
         0                  256
------------------- ---------------------
        32                  273
------------------- ---------------------
       100                  310
------------------- ---------------------
       212                  373
------------------- ---------------------
       108                  315
------------------- ---------------------
       1243                  945
------------------- ---------------------
       3000                  1921
------------------- ---------------------
        85                  302
------------------- ---------------------
        22                  268
------------------- ---------------------
       2388                  1581
------------------- ---------------------
       235                  385
------------------- ---------------------
------------------- ---------------------
